<?xml version="1.0" encoding="UTF-8"?>
<!-- Generated by org.testng.reporters.JUnitReportReporter -->
<testsuite skipped="0" hostname="Dibendu-PC" name="main.java.FlightBookingTest" tests="1" failures="0" timestamp="02 Jun 2019 12:20:41 GMT" time="35.685" errors="0">
  <testcase name="testThatResultsAppearForAOneWayJourney" time="35.685" classname="main.java.FlightBookingTest"/>
</testsuite> <!-- main.java.FlightBookingTest -->
