<?xml version="1.0" encoding="UTF-8"?>
<!-- Generated by org.testng.reporters.JUnitReportReporter -->
<testsuite skipped="0" hostname="Dibendu-PC" name="main.java.HotelBookingTest" tests="1" failures="0" timestamp="02 Jun 2019 11:24:35 GMT" time="17.482" errors="0">
  <testcase name="shouldBeAbleToSearchForHotels" time="17.482" classname="main.java.HotelBookingTest"/>
</testsuite> <!-- main.java.HotelBookingTest -->
