<?xml version="1.0" encoding="UTF-8"?>
<!-- Generated by org.testng.reporters.JUnitReportReporter -->
<testsuite skipped="0" hostname="Dibendu-PC" name="main.java.SignInTest" tests="1" failures="0" timestamp="02 Jun 2019 12:31:34 GMT" time="21.056" errors="0">
  <testcase name="shouldThrowAnErrorIfSignInDetailsAreMissing" time="21.056" classname="main.java.SignInTest"/>
</testsuite> <!-- main.java.SignInTest -->
